# JRE version: OpenJDK Runtime Environment (8.0_212-b04) (build 1.8.0_212-release-1586-b04)
# Java VM: OpenJDK 64-Bit Server VM (25.212-b04 mixed mode windows-amd64 compressed oops)
Heap:
 PSYoungGen      total 168960K, used 80281K [0x00000000e0000000, 0x00000000ed900000, 0x0000000100000000)
  eden space 150016K, 40% used [0x00000000e0000000,0x00000000e3be8110,0x00000000e9280000)
  from space 18944K, 99% used [0x00000000ec680000,0x00000000ed8fe390,0x00000000ed900000)
  to   space 22016K, 0% used [0x00000000eae00000,0x00000000eae00000,0x00000000ec380000)
 ParOldGen       total 148992K, used 37530K [0x00000000a0000000, 0x00000000a9180000, 0x00000000e0000000)
  object space 148992K, 25% used [0x00000000a0000000,0x00000000a24a6b90,0x00000000a9180000)
 Metaspace       used 73181K, capacity 76572K, committed 76952K, reserved 1116160K
  class space    used 9792K, capacity 10529K, committed 10648K, reserved 1048576K
GC Heap History (10 events):
Event: 21.619 GC heap before
{Heap before GC invocations=13 (full 2):
 PSYoungGen      total 138752K, used 138749K [0x00000000e0000000, 0x00000000e9d80000, 0x0000000100000000)
  eden space 125440K, 100% used [0x00000000e0000000,0x00000000e7a80000,0x00000000e7a80000)
  from space 13312K, 99% used [0x00000000e9080000,0x00000000e9d7f6f8,0x00000000e9d80000)
  to   space 14848K, 0% used [0x00000000e8080000,0x00000000e8080000,0x00000000e8f00000)
 ParOldGen       total 96256K, used 19401K [0x00000000a0000000, 0x00000000a5e00000, 0x00000000e0000000)
  object space 96256K, 20% used [0x00000000a0000000,0x00000000a12f2540,0x00000000a5e00000)
 Metaspace       used 52739K, capacity 54612K, committed 54824K, reserved 1095680K
  class space    used 7208K, capacity 7649K, committed 7720K, reserved 1048576K
Event: 21.643 GC heap after
Heap after GC invocations=13 (full 2):
 PSYoungGen      total 146432K, used 14823K [0x00000000e0000000, 0x00000000ebb80000, 0x0000000100000000)
  eden space 131584K, 0% used [0x00000000e0000000,0x00000000e0000000,0x00000000e8080000)
  from space 14848K, 99% used [0x00000000e8080000,0x00000000e8ef9e40,0x00000000e8f00000)
  to   space 18944K, 0% used [0x00000000ea900000,0x00000000ea900000,0x00000000ebb80000)
 ParOldGen       total 96256K, used 25078K [0x00000000a0000000, 0x00000000a5e00000, 0x00000000e0000000)
  object space 96256K, 26% used [0x00000000a0000000,0x00000000a187da58,0x00000000a5e00000)
 Metaspace       used 52739K, capacity 54612K, committed 54824K, reserved 1095680K
  class space    used 7208K, capacity 7649K, committed 7720K, reserved 1048576K
}
Event: 24.022 GC heap before
{Heap before GC invocations=14 (full 2):
 PSYoungGen      total 146432K, used 105343K [0x00000000e0000000, 0x00000000ebb80000, 0x0000000100000000)
  eden space 131584K, 68% used [0x00000000e0000000,0x00000000e5865f20,0x00000000e8080000)
  from space 14848K, 99% used [0x00000000e8080000,0x00000000e8ef9e40,0x00000000e8f00000)
  to   space 18944K, 0% used [0x00000000ea900000,0x00000000ea900000,0x00000000ebb80000)
 ParOldGen       total 96256K, used 25078K [0x00000000a0000000, 0x00000000a5e00000, 0x00000000e0000000)
  object space 96256K, 26% used [0x00000000a0000000,0x00000000a187da58,0x00000000a5e00000)
 Metaspace       used 56982K, capacity 59016K, committed 59160K, reserved 1099776K
  class space    used 7925K, capacity 8362K, committed 8472K, reserved 1048576K
Event: 24.050 GC heap after
Heap after GC invocations=14 (full 2):
 PSYoungGen      total 173568K, used 7161K [0x00000000e0000000, 0x00000000ec380000, 0x0000000100000000)
  eden space 154624K, 0% used [0x00000000e0000000,0x00000000e0000000,0x00000000e9700000)
  from space 18944K, 37% used [0x00000000ea900000,0x00000000eaffe420,0x00000000ebb80000)
  to   space 18432K, 0% used [0x00000000e9700000,0x00000000e9700000,0x00000000ea900000)
 ParOldGen       total 96256K, used 39414K [0x00000000a0000000, 0x00000000a5e00000, 0x00000000e0000000)
  object space 96256K, 40% used [0x00000000a0000000,0x00000000a267d908,0x00000000a5e00000)
 Metaspace       used 56982K, capacity 59016K, committed 59160K, reserved 1099776K
  class space    used 7925K, capacity 8362K, committed 8472K, reserved 1048576K
}
Event: 24.050 GC heap before
{Heap before GC invocations=15 (full 3):
 PSYoungGen      total 173568K, used 7161K [0x00000000e0000000, 0x00000000ec380000, 0x0000000100000000)
  eden space 154624K, 0% used [0x00000000e0000000,0x00000000e0000000,0x00000000e9700000)
  from space 18944K, 37% used [0x00000000ea900000,0x00000000eaffe420,0x00000000ebb80000)
  to   space 18432K, 0% used [0x00000000e9700000,0x00000000e9700000,0x00000000ea900000)
 ParOldGen       total 96256K, used 39414K [0x00000000a0000000, 0x00000000a5e00000, 0x00000000e0000000)
  object space 96256K, 40% used [0x00000000a0000000,0x00000000a267d908,0x00000000a5e00000)
 Metaspace       used 56982K, capacity 59016K, committed 59160K, reserved 1099776K
  class space    used 7925K, capacity 8362K, committed 8472K, reserved 1048576K
Event: 24.369 GC heap after
Heap after GC invocations=15 (full 3):
 PSYoungGen      total 173568K, used 0K [0x00000000e0000000, 0x00000000ec380000, 0x0000000100000000)
  eden space 154624K, 0% used [0x00000000e0000000,0x00000000e0000000,0x00000000e9700000)
  from space 18944K, 0% used [0x00000000ea900000,0x00000000ea900000,0x00000000ebb80000)
  to   space 18432K, 0% used [0x00000000e9700000,0x00000000e9700000,0x00000000ea900000)
 ParOldGen       total 148992K, used 36657K [0x00000000a0000000, 0x00000000a9180000, 0x00000000e0000000)
  object space 148992K, 24% used [0x00000000a0000000,0x00000000a23cc568,0x00000000a9180000)
 Metaspace       used 56982K, capacity 59016K, committed 59160K, reserved 1099776K
  class space    used 7925K, capacity 8362K, committed 8472K, reserved 1048576K
}
Event: 27.013 GC heap before
{Heap before GC invocations=16 (full 3):
 PSYoungGen      total 173568K, used 154624K [0x00000000e0000000, 0x00000000ec380000, 0x0000000100000000)
  eden space 154624K, 100% used [0x00000000e0000000,0x00000000e9700000,0x00000000e9700000)
  from space 18944K, 0% used [0x00000000ea900000,0x00000000ea900000,0x00000000ebb80000)
  to   space 18432K, 0% used [0x00000000e9700000,0x00000000e9700000,0x00000000ea900000)
 ParOldGen       total 148992K, used 36657K [0x00000000a0000000, 0x00000000a9180000, 0x00000000e0000000)
  object space 148992K, 24% used [0x00000000a0000000,0x00000000a23cc568,0x00000000a9180000)
 Metaspace       used 63180K, capacity 65984K, committed 66328K, reserved 1105920K
  class space    used 8811K, capacity 9404K, committed 9496K, reserved 1048576K
Event: 27.026 GC heap after
Heap after GC invocations=16 (full 3):
 PSYoungGen      total 173056K, used 13428K [0x00000000e0000000, 0x00000000ed900000, 0x0000000100000000)
  eden space 154624K, 0% used [0x00000000e0000000,0x00000000e0000000,0x00000000e9700000)
  from space 18432K, 72% used [0x00000000e9700000,0x00000000ea41d1b0,0x00000000ea900000)
  to   space 18944K, 0% used [0x00000000ec680000,0x00000000ec680000,0x00000000ed900000)
 ParOldGen       total 148992K, used 36665K [0x00000000a0000000, 0x00000000a9180000, 0x00000000e0000000)
  object space 148992K, 24% used [0x00000000a0000000,0x00000000a23ce568,0x00000000a9180000)
 Metaspace       used 63180K, capacity 65984K, committed 66328K, reserved 1105920K
  class space    used 8811K, capacity 9404K, committed 9496K, reserved 1048576K
}
Event: 490.356 GC heap before
{Heap before GC invocations=17 (full 3):
 PSYoungGen      total 173056K, used 168052K [0x00000000e0000000, 0x00000000ed900000, 0x0000000100000000)
  eden space 154624K, 100% used [0x00000000e0000000,0x00000000e9700000,0x00000000e9700000)
  from space 18432K, 72% used [0x00000000e9700000,0x00000000ea41d1b0,0x00000000ea900000)
  to   space 18944K, 0% used [0x00000000ec680000,0x00000000ec680000,0x00000000ed900000)
 ParOldGen       total 148992K, used 36665K [0x00000000a0000000, 0x00000000a9180000, 0x00000000e0000000)
  object space 148992K, 24% used [0x00000000a0000000,0x00000000a23ce568,0x00000000a9180000)
 Metaspace       used 69612K, capacity 72950K, committed 73112K, reserved 1112064K
  class space    used 9345K, capacity 10080K, committed 10136K, reserved 1048576K
Event: 490.383 GC heap after
Heap after GC invocations=17 (full 3):
 PSYoungGen      total 168960K, used 18936K [0x00000000e0000000, 0x00000000ed900000, 0x0000000100000000)
  eden space 150016K, 0% used [0x00000000e0000000,0x00000000e0000000,0x00000000e9280000)
  from space 18944K, 99% used [0x00000000ec680000,0x00000000ed8fe390,0x00000000ed900000)
  to   space 22016K, 0% used [0x00000000eae00000,0x00000000eae00000,0x00000000ec380000)
 ParOldGen       total 148992K, used 37530K [0x00000000a0000000, 0x00000000a9180000, 0x00000000e0000000)
  object space 148992K, 25% used [0x00000000a0000000,0x00000000a24a6b90,0x00000000a9180000)
 Metaspace       used 69612K, capacity 72950K, committed 73112K, reserved 1112064K
  class space    used 9345K, capacity 10080K, committed 10136K, reserved 1048576K
}

