# JRE version: OpenJDK Runtime Environment (8.0_212-b04) (build 1.8.0_212-release-1586-b04)
# Java VM: OpenJDK 64-Bit Server VM (25.212-b04 mixed mode windows-amd64 compressed oops)
Heap:
 PSYoungGen      total 287232K, used 98846K [0x00000000e0000000, 0x00000000fb800000, 0x0000000100000000)
  eden space 220672K, 44% used [0x00000000e0000000,0x00000000e6087a18,0x00000000ed780000)
  from space 66560K, 0% used [0x00000000f3400000,0x00000000f3400000,0x00000000f7500000)
  to   space 94720K, 0% used [0x00000000ed780000,0x00000000ed780000,0x00000000f3400000)
 ParOldGen       total 166912K, used 155838K [0x00000000a0000000, 0x00000000aa300000, 0x00000000e0000000)
  object space 166912K, 93% used [0x00000000a0000000,0x00000000a982faf0,0x00000000aa300000)
 Metaspace       used 87712K, capacity 90994K, committed 92416K, reserved 1130496K
  class space    used 11266K, capacity 11937K, committed 12288K, reserved 1048576K
GC Heap History (10 events):
Event: 221.081 GC heap before
{Heap before GC invocations=18 (full 3):
 PSYoungGen      total 212992K, used 212987K [0x00000000e0000000, 0x00000000ef700000, 0x0000000100000000)
  eden space 188416K, 100% used [0x00000000e0000000,0x00000000eb800000,0x00000000eb800000)
  from space 24576K, 99% used [0x00000000ed600000,0x00000000eedfef80,0x00000000eee00000)
  to   space 30720K, 0% used [0x00000000eb800000,0x00000000eb800000,0x00000000ed600000)
 ParOldGen       total 166912K, used 41987K [0x00000000a0000000, 0x00000000aa300000, 0x00000000e0000000)
  object space 166912K, 25% used [0x00000000a0000000,0x00000000a2900d38,0x00000000aa300000)
 Metaspace       used 71367K, capacity 74020K, committed 74240K, reserved 1114112K
  class space    used 9292K, capacity 9858K, committed 9984K, reserved 1048576K
Event: 221.119 GC heap after
Heap after GC invocations=18 (full 3):
 PSYoungGen      total 219136K, used 30709K [0x00000000e0000000, 0x00000000f2800000, 0x0000000100000000)
  eden space 188416K, 0% used [0x00000000e0000000,0x00000000e0000000,0x00000000eb800000)
  from space 30720K, 99% used [0x00000000eb800000,0x00000000ed5fd478,0x00000000ed600000)
  to   space 37376K, 0% used [0x00000000f0380000,0x00000000f0380000,0x00000000f2800000)
 ParOldGen       total 166912K, used 48492K [0x00000000a0000000, 0x00000000aa300000, 0x00000000e0000000)
  object space 166912K, 29% used [0x00000000a0000000,0x00000000a2f5b2e0,0x00000000aa300000)
 Metaspace       used 71367K, capacity 74020K, committed 74240K, reserved 1114112K
  class space    used 9292K, capacity 9858K, committed 9984K, reserved 1048576K
}
Event: 230.611 GC heap before
{Heap before GC invocations=19 (full 3):
 PSYoungGen      total 219136K, used 219125K [0x00000000e0000000, 0x00000000f2800000, 0x0000000100000000)
  eden space 188416K, 100% used [0x00000000e0000000,0x00000000eb800000,0x00000000eb800000)
  from space 30720K, 99% used [0x00000000eb800000,0x00000000ed5fd478,0x00000000ed600000)
  to   space 37376K, 0% used [0x00000000f0380000,0x00000000f0380000,0x00000000f2800000)
 ParOldGen       total 166912K, used 48492K [0x00000000a0000000, 0x00000000aa300000, 0x00000000e0000000)
  object space 166912K, 29% used [0x00000000a0000000,0x00000000a2f5b2e0,0x00000000aa300000)
 Metaspace       used 78628K, capacity 81442K, committed 81664K, reserved 1120256K
  class space    used 10081K, capacity 10667K, committed 10752K, reserved 1048576K
Event: 230.657 GC heap after
Heap after GC invocations=19 (full 3):
 PSYoungGen      total 256000K, used 37373K [0x00000000e0000000, 0x00000000f3700000, 0x0000000100000000)
  eden space 218624K, 0% used [0x00000000e0000000,0x00000000e0000000,0x00000000ed580000)
  from space 37376K, 99% used [0x00000000f0380000,0x00000000f27ff5c8,0x00000000f2800000)
  to   space 47104K, 0% used [0x00000000ed580000,0x00000000ed580000,0x00000000f0380000)
 ParOldGen       total 166912K, used 59438K [0x00000000a0000000, 0x00000000aa300000, 0x00000000e0000000)
  object space 166912K, 35% used [0x00000000a0000000,0x00000000a3a0b880,0x00000000aa300000)
 Metaspace       used 78628K, capacity 81442K, committed 81664K, reserved 1120256K
  class space    used 10081K, capacity 10667K, committed 10752K, reserved 1048576K
}
Event: 234.255 GC heap before
{Heap before GC invocations=20 (full 3):
 PSYoungGen      total 256000K, used 255997K [0x00000000e0000000, 0x00000000f3700000, 0x0000000100000000)
  eden space 218624K, 100% used [0x00000000e0000000,0x00000000ed580000,0x00000000ed580000)
  from space 37376K, 99% used [0x00000000f0380000,0x00000000f27ff5c8,0x00000000f2800000)
  to   space 47104K, 0% used [0x00000000ed580000,0x00000000ed580000,0x00000000f0380000)
 ParOldGen       total 166912K, used 59438K [0x00000000a0000000, 0x00000000aa300000, 0x00000000e0000000)
  object space 166912K, 35% used [0x00000000a0000000,0x00000000a3a0b880,0x00000000aa300000)
 Metaspace       used 86892K, capacity 90784K, committed 90880K, reserved 1128448K
  class space    used 11234K, capacity 11986K, committed 12032K, reserved 1048576K
Event: 234.319 GC heap after
Heap after GC invocations=20 (full 3):
 PSYoungGen      total 265728K, used 47081K [0x00000000e0000000, 0x00000000f7500000, 0x0000000100000000)
  eden space 218624K, 0% used [0x00000000e0000000,0x00000000e0000000,0x00000000ed580000)
  from space 47104K, 99% used [0x00000000ed580000,0x00000000f037a768,0x00000000f0380000)
  to   space 66560K, 0% used [0x00000000f3400000,0x00000000f3400000,0x00000000f7500000)
 ParOldGen       total 166912K, used 91075K [0x00000000a0000000, 0x00000000aa300000, 0x00000000e0000000)
  object space 166912K, 54% used [0x00000000a0000000,0x00000000a58f0fb8,0x00000000aa300000)
 Metaspace       used 86892K, capacity 90784K, committed 90880K, reserved 1128448K
  class space    used 11234K, capacity 11986K, committed 12032K, reserved 1048576K
}
Event: 236.644 GC heap before
{Heap before GC invocations=21 (full 3):
 PSYoungGen      total 265728K, used 265705K [0x00000000e0000000, 0x00000000f7500000, 0x0000000100000000)
  eden space 218624K, 100% used [0x00000000e0000000,0x00000000ed580000,0x00000000ed580000)
  from space 47104K, 99% used [0x00000000ed580000,0x00000000f037a768,0x00000000f0380000)
  to   space 66560K, 0% used [0x00000000f3400000,0x00000000f3400000,0x00000000f7500000)
 ParOldGen       total 166912K, used 91075K [0x00000000a0000000, 0x00000000aa300000, 0x00000000e0000000)
  object space 166912K, 54% used [0x00000000a0000000,0x00000000a58f0fb8,0x00000000aa300000)
 Metaspace       used 87841K, capacity 91846K, committed 92032K, reserved 1128448K
  class space    used 11381K, capacity 12141K, committed 12160K, reserved 1048576K
Event: 236.773 GC heap after
Heap after GC invocations=21 (full 3):
 PSYoungGen      total 287232K, used 66543K [0x00000000e0000000, 0x00000000fb800000, 0x0000000100000000)
  eden space 220672K, 0% used [0x00000000e0000000,0x00000000e0000000,0x00000000ed780000)
  from space 66560K, 99% used [0x00000000f3400000,0x00000000f74fbec0,0x00000000f7500000)
  to   space 94720K, 0% used [0x00000000ed780000,0x00000000ed780000,0x00000000f3400000)
 ParOldGen       total 166912K, used 137829K [0x00000000a0000000, 0x00000000aa300000, 0x00000000e0000000)
  object space 166912K, 82% used [0x00000000a0000000,0x00000000a8699420,0x00000000aa300000)
 Metaspace       used 87841K, capacity 91846K, committed 92032K, reserved 1128448K
  class space    used 11381K, capacity 12141K, committed 12160K, reserved 1048576K
}
Event: 236.773 GC heap before
{Heap before GC invocations=22 (full 4):
 PSYoungGen      total 287232K, used 66543K [0x00000000e0000000, 0x00000000fb800000, 0x0000000100000000)
  eden space 220672K, 0% used [0x00000000e0000000,0x00000000e0000000,0x00000000ed780000)
  from space 66560K, 99% used [0x00000000f3400000,0x00000000f74fbec0,0x00000000f7500000)
  to   space 94720K, 0% used [0x00000000ed780000,0x00000000ed780000,0x00000000f3400000)
 ParOldGen       total 166912K, used 137829K [0x00000000a0000000, 0x00000000aa300000, 0x00000000e0000000)
  object space 166912K, 82% used [0x00000000a0000000,0x00000000a8699420,0x00000000aa300000)
 Metaspace       used 87841K, capacity 91846K, committed 92032K, reserved 1128448K
  class space    used 11381K, capacity 12141K, committed 12160K, reserved 1048576K
Event: 237.541 GC heap after
Heap after GC invocations=22 (full 4):
 PSYoungGen      total 287232K, used 0K [0x00000000e0000000, 0x00000000fb800000, 0x0000000100000000)
  eden space 220672K, 0% used [0x00000000e0000000,0x00000000e0000000,0x00000000ed780000)
  from space 66560K, 0% used [0x00000000f3400000,0x00000000f3400000,0x00000000f7500000)
  to   space 94720K, 0% used [0x00000000ed780000,0x00000000ed780000,0x00000000f3400000)
 ParOldGen       total 166912K, used 155838K [0x00000000a0000000, 0x00000000aa300000, 0x00000000e0000000)
  object space 166912K, 93% used [0x00000000a0000000,0x00000000a982faf0,0x00000000aa300000)
 Metaspace       used 87408K, capacity 90664K, committed 92032K, reserved 1128448K
  class space    used 11235K, capacity 11884K, committed 12160K, reserved 1048576K
}

