# JRE version: OpenJDK Runtime Environment (8.0_212-b04) (build 1.8.0_212-release-1586-b04)
# Java VM: OpenJDK 64-Bit Server VM (25.212-b04 mixed mode windows-amd64 compressed oops)
Heap:
 PSYoungGen      total 230912K, used 48788K [0x00000000e0000000, 0x00000000f8500000, 0x0000000100000000)
  eden space 187392K, 24% used [0x00000000e0000000,0x00000000e2bf5320,0x00000000eb700000)
  from space 43520K, 8% used [0x00000000eb700000,0x00000000ebaafd50,0x00000000ee180000)
  to   space 73216K, 0% used [0x00000000f3d80000,0x00000000f3d80000,0x00000000f8500000)
 ParOldGen       total 314880K, used 146794K [0x00000000a0000000, 0x00000000b3380000, 0x00000000e0000000)
  object space 314880K, 46% used [0x00000000a0000000,0x00000000a8f5aa78,0x00000000b3380000)
 Metaspace       used 70299K, capacity 73242K, committed 73728K, reserved 1112064K
  class space    used 9485K, capacity 10099K, committed 10240K, reserved 1048576K
GC Heap History (10 events):
Event: 24.852 GC heap before
{Heap before GC invocations=17 (full 3):
 PSYoungGen      total 173568K, used 168274K [0x00000000e0000000, 0x00000000ed480000, 0x0000000100000000)
  eden space 155136K, 100% used [0x00000000e0000000,0x00000000e9780000,0x00000000e9780000)
  from space 18432K, 71% used [0x00000000e9780000,0x00000000ea454908,0x00000000ea980000)
  to   space 18944K, 0% used [0x00000000ec200000,0x00000000ec200000,0x00000000ed480000)
 ParOldGen       total 146944K, used 36861K [0x00000000a0000000, 0x00000000a8f80000, 0x00000000e0000000)
  object space 146944K, 25% used [0x00000000a0000000,0x00000000a23ff618,0x00000000a8f80000)
 Metaspace       used 62792K, capacity 65150K, committed 65280K, reserved 1105920K
  class space    used 8587K, capacity 9127K, committed 9216K, reserved 1048576K
Event: 24.881 GC heap after
Heap after GC invocations=17 (full 3):
 PSYoungGen      total 192512K, used 18919K [0x00000000e0000000, 0x00000000ee080000, 0x0000000100000000)
  eden space 173568K, 0% used [0x00000000e0000000,0x00000000e0000000,0x00000000ea980000)
  from space 18944K, 99% used [0x00000000ec200000,0x00000000ed479c30,0x00000000ed480000)
  to   space 25088K, 0% used [0x00000000ea980000,0x00000000ea980000,0x00000000ec200000)
 ParOldGen       total 146944K, used 47321K [0x00000000a0000000, 0x00000000a8f80000, 0x00000000e0000000)
  object space 146944K, 32% used [0x00000000a0000000,0x00000000a2e36400,0x00000000a8f80000)
 Metaspace       used 62792K, capacity 65150K, committed 65280K, reserved 1105920K
  class space    used 8587K, capacity 9127K, committed 9216K, reserved 1048576K
}
Event: 27.582 GC heap before
{Heap before GC invocations=18 (full 3):
 PSYoungGen      total 192512K, used 192487K [0x00000000e0000000, 0x00000000ee080000, 0x0000000100000000)
  eden space 173568K, 100% used [0x00000000e0000000,0x00000000ea980000,0x00000000ea980000)
  from space 18944K, 99% used [0x00000000ec200000,0x00000000ed479c30,0x00000000ed480000)
  to   space 25088K, 0% used [0x00000000ea980000,0x00000000ea980000,0x00000000ec200000)
 ParOldGen       total 146944K, used 47321K [0x00000000a0000000, 0x00000000a8f80000, 0x00000000e0000000)
  object space 146944K, 32% used [0x00000000a0000000,0x00000000a2e36400,0x00000000a8f80000)
 Metaspace       used 69231K, capacity 72296K, committed 72576K, reserved 1112064K
  class space    used 9406K, capacity 10054K, committed 10112K, reserved 1048576K
Event: 27.616 GC heap after
Heap after GC invocations=18 (full 3):
 PSYoungGen      total 198656K, used 22636K [0x00000000e0000000, 0x00000000efd00000, 0x0000000100000000)
  eden space 173568K, 0% used [0x00000000e0000000,0x00000000e0000000,0x00000000ea980000)
  from space 25088K, 90% used [0x00000000ea980000,0x00000000ebf9b150,0x00000000ec200000)
  to   space 28160K, 0% used [0x00000000ee180000,0x00000000ee180000,0x00000000efd00000)
 ParOldGen       total 146944K, used 47329K [0x00000000a0000000, 0x00000000a8f80000, 0x00000000e0000000)
  object space 146944K, 32% used [0x00000000a0000000,0x00000000a2e38400,0x00000000a8f80000)
 Metaspace       used 69231K, capacity 72296K, committed 72576K, reserved 1112064K
  class space    used 9406K, capacity 10054K, committed 10112K, reserved 1048576K
}
Event: 29.372 GC heap before
{Heap before GC invocations=19 (full 3):
 PSYoungGen      total 198656K, used 196204K [0x00000000e0000000, 0x00000000efd00000, 0x0000000100000000)
  eden space 173568K, 100% used [0x00000000e0000000,0x00000000ea980000,0x00000000ea980000)
  from space 25088K, 90% used [0x00000000ea980000,0x00000000ebf9b150,0x00000000ec200000)
  to   space 28160K, 0% used [0x00000000ee180000,0x00000000ee180000,0x00000000efd00000)
 ParOldGen       total 146944K, used 47329K [0x00000000a0000000, 0x00000000a8f80000, 0x00000000e0000000)
  object space 146944K, 32% used [0x00000000a0000000,0x00000000a2e38400,0x00000000a8f80000)
 Metaspace       used 70317K, capacity 73462K, committed 73728K, reserved 1112064K
  class space    used 9538K, capacity 10191K, committed 10240K, reserved 1048576K
Event: 29.436 GC heap after
Heap after GC invocations=19 (full 3):
 PSYoungGen      total 215552K, used 28130K [0x00000000e0000000, 0x00000000f2700000, 0x0000000100000000)
  eden space 187392K, 0% used [0x00000000e0000000,0x00000000e0000000,0x00000000eb700000)
  from space 28160K, 99% used [0x00000000ee180000,0x00000000efcf89e8,0x00000000efd00000)
  to   space 43520K, 0% used [0x00000000eb700000,0x00000000eb700000,0x00000000ee180000)
 ParOldGen       total 146944K, used 77490K [0x00000000a0000000, 0x00000000a8f80000, 0x00000000e0000000)
  object space 146944K, 52% used [0x00000000a0000000,0x00000000a4bac960,0x00000000a8f80000)
 Metaspace       used 70317K, capacity 73462K, committed 73728K, reserved 1112064K
  class space    used 9538K, capacity 10191K, committed 10240K, reserved 1048576K
}
Event: 30.703 GC heap before
{Heap before GC invocations=20 (full 3):
 PSYoungGen      total 215552K, used 215522K [0x00000000e0000000, 0x00000000f2700000, 0x0000000100000000)
  eden space 187392K, 100% used [0x00000000e0000000,0x00000000eb700000,0x00000000eb700000)
  from space 28160K, 99% used [0x00000000ee180000,0x00000000efcf89e8,0x00000000efd00000)
  to   space 43520K, 0% used [0x00000000eb700000,0x00000000eb700000,0x00000000ee180000)
 ParOldGen       total 146944K, used 77490K [0x00000000a0000000, 0x00000000a8f80000, 0x00000000e0000000)
  object space 146944K, 52% used [0x00000000a0000000,0x00000000a4bac960,0x00000000a8f80000)
 Metaspace       used 70455K, capacity 73662K, committed 73728K, reserved 1112064K
  class space    used 9538K, capacity 10191K, committed 10240K, reserved 1048576K
Event: 32.087 GC heap after
Heap after GC invocations=20 (full 3):
 PSYoungGen      total 230912K, used 43495K [0x00000000e0000000, 0x00000000f8500000, 0x0000000100000000)
  eden space 187392K, 0% used [0x00000000e0000000,0x00000000e0000000,0x00000000eb700000)
  from space 43520K, 99% used [0x00000000eb700000,0x00000000ee179d60,0x00000000ee180000)
  to   space 73216K, 0% used [0x00000000f3d80000,0x00000000f3d80000,0x00000000f8500000)
 ParOldGen       total 146944K, used 139209K [0x00000000a0000000, 0x00000000a8f80000, 0x00000000e0000000)
  object space 146944K, 94% used [0x00000000a0000000,0x00000000a87f2710,0x00000000a8f80000)
 Metaspace       used 70455K, capacity 73662K, committed 73728K, reserved 1112064K
  class space    used 9538K, capacity 10191K, committed 10240K, reserved 1048576K
}
Event: 32.087 GC heap before
{Heap before GC invocations=21 (full 4):
 PSYoungGen      total 230912K, used 43495K [0x00000000e0000000, 0x00000000f8500000, 0x0000000100000000)
  eden space 187392K, 0% used [0x00000000e0000000,0x00000000e0000000,0x00000000eb700000)
  from space 43520K, 99% used [0x00000000eb700000,0x00000000ee179d60,0x00000000ee180000)
  to   space 73216K, 0% used [0x00000000f3d80000,0x00000000f3d80000,0x00000000f8500000)
 ParOldGen       total 146944K, used 139209K [0x00000000a0000000, 0x00000000a8f80000, 0x00000000e0000000)
  object space 146944K, 94% used [0x00000000a0000000,0x00000000a87f2710,0x00000000a8f80000)
 Metaspace       used 70455K, capacity 73662K, committed 73728K, reserved 1112064K
  class space    used 9538K, capacity 10191K, committed 10240K, reserved 1048576K
Event: 38.342 GC heap after
Heap after GC invocations=21 (full 4):
 PSYoungGen      total 230912K, used 3775K [0x00000000e0000000, 0x00000000f8500000, 0x0000000100000000)
  eden space 187392K, 0% used [0x00000000e0000000,0x00000000e0000000,0x00000000eb700000)
  from space 43520K, 8% used [0x00000000eb700000,0x00000000ebaafd50,0x00000000ee180000)
  to   space 73216K, 0% used [0x00000000f3d80000,0x00000000f3d80000,0x00000000f8500000)
 ParOldGen       total 314880K, used 146794K [0x00000000a0000000, 0x00000000b3380000, 0x00000000e0000000)
  object space 314880K, 46% used [0x00000000a0000000,0x00000000a8f5aa78,0x00000000b3380000)
 Metaspace       used 70299K, capacity 73242K, committed 73728K, reserved 1112064K
  class space    used 9485K, capacity 10099K, committed 10240K, reserved 1048576K
}

